Arguments: 
  /home/n0g3/.nvm/versions/node/v18.9.0/bin/node /usr/bin/yarn version patch

PATH: 
  /home/n0g3/.nvm/versions/node/v18.9.0/bin:/usr/local/sbin:/usr/local/bin:/usr/bin:/var/lib/flatpak/exports/bin:/usr/lib/jvm/default/bin:/usr/bin/site_perl:/usr/bin/vendor_perl:/usr/bin/core_perl:/var/lib/snapd/snap/bin

Yarn version: 
  1.22.19

Node version: 
  18.9.0

Platform: 
  linux x64

Trace: 
  SyntaxError: /home/n0g3/dev/kodgit/maven-release-test/package.json: Unexpected token < in JSON at position 20
      at JSON.parse (<anonymous>)
      at /usr/lib/node_modules/yarn/lib/cli.js:1629:59
      at Generator.next (<anonymous>)
      at step (/usr/lib/node_modules/yarn/lib/cli.js:310:30)
      at /usr/lib/node_modules/yarn/lib/cli.js:321:13

npm manifest: 
  {
    "name": "demo",
  <<<<<<< Updated upstream
    "version": "0.2314.2",
  =======
    "version": "1.0.0",
  >>>>>>> Stashed changes
    "main": "index.js",
    "repository": "git@github.com:n0g3-k0d/maven-release-test.git",
    "author": "Farkas Egon <farkas.egon@kodinformatika.hu>",
    "license": "MIT"
  }

yarn manifest: 
  No manifest

Lockfile: 
  # THIS IS AN AUTOGENERATED FILE. DO NOT EDIT THIS FILE DIRECTLY.
  # yarn lockfile v1
